<?xml version="1.0" encoding="UTF-8"?>
<!-- Generated by org.testng.reporters.JUnitReportReporter -->
<testsuite hostname="ASUS-PC" name="com.mail.api.test" tests="1" failures="0" timestamp="30 Jul 2018 14:34:41 GMT" time="5.130" errors="0">
  <testcase name="test" time="5.130" classname="com.mail.api.test"/>
</testsuite> <!-- com.mail.api.test -->
